<?xml version="1.0" encoding="UTF-8"?>
<robot generator="Robot 3.1.2 (Python 3.7.2 on win32)" generated="20200317 19:59:25.612" rpa="false">
<suite id="s1" name="Amazon" source="C:\Development\GitHub2\GitCIAndJenkinsVersionControl\Tests\amazon.robot">
<test id="s1-t1" name="Logged Out User Can View A Product">
<kw name="Do Setup" library="CommonWeb" type="setup">
<kw name="Open Browser" library="SeleniumLibrary">
<doc>Opens a new browser instance to the optional ``url``.</doc>
<arguments>
<arg>about:blank</arg>
<arg>${BROWSER}</arg>
</arguments>
<msg timestamp="20200317 19:59:25.812" level="INFO">Opening browser 'chrome' to base url 'about:blank'.</msg>
<status status="PASS" starttime="20200317 19:59:25.812" endtime="20200317 19:59:31.005"></status>
</kw>
<status status="PASS" starttime="20200317 19:59:25.812" endtime="20200317 19:59:31.005"></status>
</kw>
<kw name="Search For Product" library="AmazonApp">
<arguments>
<arg>${Product}</arg>
</arguments>
<kw name="Go To Amazon Page" library="AmazonApp">
<kw name="Log" library="BuiltIn">
<doc>Logs the given message with the given level.</doc>
<arguments>
<arg>Go to Amazon page</arg>
</arguments>
<msg timestamp="20200317 19:59:31.006" level="INFO">Go to Amazon page</msg>
<status status="PASS" starttime="20200317 19:59:31.006" endtime="20200317 19:59:31.006"></status>
</kw>
<kw name="Load" library="LandingPage">
<arguments>
<arg>${AmazonURL}</arg>
</arguments>
<kw name="Go To" library="SeleniumLibrary">
<doc>Navigates the current browser window to the provided ``url``.</doc>
<arguments>
<arg>${START_URL}</arg>
</arguments>
<msg timestamp="20200317 19:59:31.007" level="INFO">Opening url 'http://www.amazon.com'</msg>
<status status="PASS" starttime="20200317 19:59:31.007" endtime="20200317 19:59:32.288"></status>
</kw>
<status status="PASS" starttime="20200317 19:59:31.006" endtime="20200317 19:59:32.288"></status>
</kw>
<kw name="Verify Page Loaded" library="LandingPage">
<kw name="Wait Until Page Contains" library="SeleniumLibrary">
<doc>Waits until ``text`` appears on the current page.</doc>
<arguments>
<arg>Sell</arg>
</arguments>
<status status="PASS" starttime="20200317 19:59:32.289" endtime="20200317 19:59:32.467"></status>
</kw>
<status status="PASS" starttime="20200317 19:59:32.288" endtime="20200317 19:59:32.467"></status>
</kw>
<status status="PASS" starttime="20200317 19:59:31.006" endtime="20200317 19:59:32.467"></status>
</kw>
<kw name="Search for Product" library="TopNav">
<arguments>
<arg>${SEARCH_TERM}</arg>
</arguments>
<kw name="Enter Search Term" library="TopNav">
<arguments>
<arg>${SEARCH_TERM}</arg>
</arguments>
<kw name="Input Text" library="SeleniumLibrary">
<doc>Types the given ``text`` into the text field identified by ``locator``.</doc>
<arguments>
<arg>${searchTextBox}</arg>
<arg>${SEARCH_TERM}</arg>
</arguments>
<msg timestamp="20200317 19:59:32.469" level="INFO">Typing text 'Hotwheels' into text field 'id:twotabsearchtextbox'.</msg>
<status status="PASS" starttime="20200317 19:59:32.468" endtime="20200317 19:59:33.048"></status>
</kw>
<status status="PASS" starttime="20200317 19:59:32.468" endtime="20200317 19:59:33.048"></status>
</kw>
<kw name="Submit Search" library="TopNav">
<kw name="Click Button" library="SeleniumLibrary">
<doc>Clicks the button identified by ``locator``.</doc>
<arguments>
<arg>${searchButton}</arg>
</arguments>
<msg timestamp="20200317 19:59:33.049" level="INFO">Clicking button 'css:input[type='submit'].nav-input'.</msg>
<status status="PASS" starttime="20200317 19:59:33.049" endtime="20200317 19:59:34.218"></status>
</kw>
<status status="PASS" starttime="20200317 19:59:33.049" endtime="20200317 19:59:34.218"></status>
</kw>
<status status="PASS" starttime="20200317 19:59:32.467" endtime="20200317 19:59:34.218"></status>
</kw>
<kw name="Verify Search Completed" library="SearchResults">
<arguments>
<arg>${SEARCH_TERM}</arg>
</arguments>
<kw name="Wait Until Page Contains" library="SeleniumLibrary">
<doc>Waits until ``text`` appears on the current page.</doc>
<arguments>
<arg>results for "${SEARCH_TERM}"</arg>
</arguments>
<status status="PASS" starttime="20200317 19:59:34.219" endtime="20200317 19:59:34.238"></status>
</kw>
<status status="PASS" starttime="20200317 19:59:34.218" endtime="20200317 19:59:34.238"></status>
</kw>
<status status="PASS" starttime="20200317 19:59:31.005" endtime="20200317 19:59:34.238"></status>
</kw>
<kw name="Select Product From Search Results" library="AmazonApp">
<kw name="Select Product from Search Results" library="SearchResults">
<kw name="Get WebElements" library="SeleniumLibrary">
<doc>Returns a list of WebElement objects matching the ``locator``.</doc>
<arguments>
<arg>${ProductsSelectedSelector}</arg>
</arguments>
<assign>
<var>${webElements}</var>
</assign>
<msg timestamp="20200317 19:59:34.277" level="INFO">${webElements} = [&lt;selenium.webdriver.remote.webelement.WebElement (session="1cada154a5082031cc1dd58d68fb2c03", element="3dffb159-3778-405a-8570-fe6bc56844cc")&gt;, &lt;selenium.webdriver.remote.webelement.WebElement (sessi...</msg>
<status status="PASS" starttime="20200317 19:59:34.240" endtime="20200317 19:59:34.277"></status>
</kw>
<kw name="Log Many" library="BuiltIn">
<doc>Logs the given messages as separate entries using the INFO level.</doc>
<arguments>
<arg>${webElements}</arg>
</arguments>
<msg timestamp="20200317 19:59:34.278" level="INFO">[&lt;selenium.webdriver.remote.webelement.WebElement (session="1cada154a5082031cc1dd58d68fb2c03", element="3dffb159-3778-405a-8570-fe6bc56844cc")&gt;, &lt;selenium.webdriver.remote.webelement.WebElement (session="1cada154a5082031cc1dd58d68fb2c03", element="6724cc78-eb0d-4ccc-a005-206d54202640")&gt;, &lt;selenium.webdriver.remote.webelement.WebElement (session="1cada154a5082031cc1dd58d68fb2c03", element="104498d5-ccee-4ab2-9ad2-48fcf9bdf80d")&gt;]</msg>
<status status="PASS" starttime="20200317 19:59:34.277" endtime="20200317 19:59:34.278"></status>
</kw>
<kw name="Get From List" library="Collections">
<doc>Returns the value specified with an ``index`` from ``list``.</doc>
<arguments>
<arg>${webElements}</arg>
<arg>0</arg>
</arguments>
<assign>
<var>${webElement}</var>
</assign>
<msg timestamp="20200317 19:59:34.279" level="INFO">${webElement} = &lt;selenium.webdriver.remote.webelement.WebElement (session="1cada154a5082031cc1dd58d68fb2c03", element="3dffb159-3778-405a-8570-fe6bc56844cc")&gt;</msg>
<status status="PASS" starttime="20200317 19:59:34.278" endtime="20200317 19:59:34.279"></status>
</kw>
<kw name="Click Element" library="SeleniumLibrary">
<doc>Click the element identified by ``locator``.</doc>
<arguments>
<arg>${webElement}</arg>
</arguments>
<msg timestamp="20200317 19:59:34.280" level="INFO">Clicking element '&lt;selenium.webdriver.remote.webelement.WebElement (session="1cada154a5082031cc1dd58d68fb2c03", element="3dffb159-3778-405a-8570-fe6bc56844cc")&gt;'.</msg>
<status status="PASS" starttime="20200317 19:59:34.279" endtime="20200317 19:59:34.621"></status>
</kw>
<status status="PASS" starttime="20200317 19:59:34.239" endtime="20200317 19:59:34.621"></status>
</kw>
<kw name="Verify Add To Cart Button Appears" library="Product">
<kw name="Wait Until Page Contains Element" library="SeleniumLibrary">
<doc>Waits until the element ``locator`` appears on the current page.</doc>
<arguments>
<arg>${AddToCartButton}</arg>
<arg>timeout=10 seconds</arg>
</arguments>
<status status="PASS" starttime="20200317 19:59:34.622" endtime="20200317 19:59:35.840"></status>
</kw>
<status status="PASS" starttime="20200317 19:59:34.621" endtime="20200317 19:59:35.840"></status>
</kw>
<status status="PASS" starttime="20200317 19:59:34.239" endtime="20200317 19:59:35.840"></status>
</kw>
<kw name="Log" library="BuiltIn">
<doc>Logs the given message with the given level.</doc>
<arguments>
<arg>Test Completed</arg>
</arguments>
<msg timestamp="20200317 19:59:35.841" level="INFO">Test Completed</msg>
<status status="PASS" starttime="20200317 19:59:35.840" endtime="20200317 19:59:35.841"></status>
</kw>
<kw name="Do Teardown" library="CommonWeb" type="teardown">
<kw name="Close Browser" library="SeleniumLibrary">
<doc>Closes the current browser.</doc>
<status status="PASS" starttime="20200317 19:59:35.842" endtime="20200317 19:59:38.059"></status>
</kw>
<status status="PASS" starttime="20200317 19:59:35.841" endtime="20200317 19:59:38.059"></status>
</kw>
<doc>A looged out user should be able to view a product</doc>
<tags>
<tag>View</tag>
</tags>
<status status="PASS" starttime="20200317 19:59:25.811" endtime="20200317 19:59:38.061" critical="yes"></status>
</test>
<doc>Learn how to write a Robot Frameworks Script. Documentation in settings starts at first column</doc>
<status status="PASS" starttime="20200317 19:59:25.614" endtime="20200317 19:59:38.068"></status>
</suite>
<statistics>
<total>
<stat pass="1" fail="0">Critical Tests</stat>
<stat pass="1" fail="0">All Tests</stat>
</total>
<tag>
<stat pass="1" fail="0">View</stat>
</tag>
<suite>
<stat pass="1" fail="0" id="s1" name="Amazon">Amazon</stat>
</suite>
</statistics>
<errors>
</errors>
</robot>
